# Copyright 2013 The Flutter Authors. All rights reserved.
# Use of this source code is governed by a BSD-style license that can be
# found in the LICENSE file.

# Linker script that exports the minimal symbols required for libflutter.so

{
  global:
    JNI_OnLoad;
    _binary_icudtl_dat_start;
    _binary_icudtl_dat_size;
    
    shorebird_check_for_update;
    shorebird_free_string;
    shorebird_init;
    shorebird_next_boot_patch_number;
    shorebird_next_boot_patch_path;
    shorebird_report_launch_failure;
    shorebird_report_launch_start;
    shorebird_report_launch_success;
    shorebird_start_update_thread;
    shorebird_update;
  local:
    *;
};
